<?xml version="1.0" encoding="UTF-8"?>
<testsuite name="com.example.hobiday_backend.HobidayBackendApplicationTests" tests="1" skipped="0" failures="0" errors="0" timestamp="2024-11-20T06:15:02" hostname="choehyeon-ui-iMac.local" time="0.469">
  <properties/>
  <testcase name="contextLoads()" classname="com.example.hobiday_backend.HobidayBackendApplicationTests" time="0.469"/>
  <system-out><![CDATA[15:14:57.449 [Test worker] INFO org.springframework.test.context.support.AnnotationConfigContextLoaderUtils -- Could not detect default configuration classes for test class [com.example.hobiday_backend.HobidayBackendApplicationTests]: HobidayBackendApplicationTests does not declare any static, non-private, non-final, nested classes annotated with @Configuration.
15:14:57.563 [Test worker] INFO org.springframework.boot.test.context.SpringBootTestContextBootstrapper -- Found @SpringBootConfiguration com.example.hobiday_backend.HobidayBackendApplication for test class com.example.hobiday_backend.HobidayBackendApplicationTests

  .   ____          _            __ _ _
 /\\ / ___'_ __ _ _(_)_ __  __ _ \ \ \ \
( ( )\___ | '_ | '_| | '_ \/ _` | \ \ \ \
 \\/  ___)| |_)| | | | | || (_| |  ) ) ) )
  '  |____| .__|_| |_|_| |_\__, | / / / /
 =========|_|==============|___/=/_/_/_/

 :: Spring Boot ::                (v3.3.5)

2024-11-20T15:14:58.172+09:00  INFO 6428 --- [    Test worker] c.e.h.HobidayBackendApplicationTests     : Starting HobidayBackendApplicationTests using Java 17.0.7 with PID 6428 (started by choehyeon in /Users/main/하비데이/코드/hobiday-kakao)
2024-11-20T15:14:58.173+09:00  INFO 6428 --- [    Test worker] c.e.h.HobidayBackendApplicationTests     : No active profile set, falling back to 1 default profile: "default"
2024-11-20T15:14:58.896+09:00  INFO 6428 --- [    Test worker] .s.d.r.c.RepositoryConfigurationDelegate : Bootstrapping Spring Data JPA repositories in DEFAULT mode.
2024-11-20T15:14:58.950+09:00  INFO 6428 --- [    Test worker] .s.d.r.c.RepositoryConfigurationDelegate : Finished Spring Data repository scanning in 48 ms. Found 2 JPA repository interfaces.
2024-11-20T15:14:59.480+09:00  INFO 6428 --- [    Test worker] o.hibernate.jpa.internal.util.LogHelper  : HHH000204: Processing PersistenceUnitInfo [name: default]
2024-11-20T15:14:59.524+09:00  INFO 6428 --- [    Test worker] org.hibernate.Version                    : HHH000412: Hibernate ORM core version 6.5.3.Final
2024-11-20T15:14:59.554+09:00  INFO 6428 --- [    Test worker] o.h.c.internal.RegionFactoryInitiator    : HHH000026: Second-level cache disabled
2024-11-20T15:14:59.829+09:00  INFO 6428 --- [    Test worker] o.s.o.j.p.SpringPersistenceUnitInfo      : No LoadTimeWeaver setup: ignoring JPA class transformer
2024-11-20T15:14:59.863+09:00  INFO 6428 --- [    Test worker] com.zaxxer.hikari.HikariDataSource       : HikariPool-1 - Starting...
2024-11-20T15:15:00.132+09:00  INFO 6428 --- [    Test worker] com.zaxxer.hikari.pool.HikariPool        : HikariPool-1 - Added connection com.mysql.cj.jdbc.ConnectionImpl@5e80d5
2024-11-20T15:15:00.134+09:00  INFO 6428 --- [    Test worker] com.zaxxer.hikari.HikariDataSource       : HikariPool-1 - Start completed.
2024-11-20T15:15:00.172+09:00  WARN 6428 --- [    Test worker] org.hibernate.orm.deprecation            : HHH90000025: MySQL8Dialect does not need to be specified explicitly using 'hibernate.dialect' (remove the property setting and it will be selected by default)
2024-11-20T15:15:00.173+09:00  WARN 6428 --- [    Test worker] org.hibernate.orm.deprecation            : HHH90000026: MySQL8Dialect has been deprecated; use org.hibernate.dialect.MySQLDialect instead
2024-11-20T15:15:00.950+09:00  INFO 6428 --- [    Test worker] o.h.e.t.j.p.i.JtaPlatformInitiator       : HHH000489: No JTA platform available (set 'hibernate.transaction.jta.platform' to enable JTA platform integration)
Hibernate: 
    drop table if exists refresh_token
Hibernate: 
    drop table if exists users
Hibernate: 
    create table refresh_token (
        id bigint not null auto_increment,
        user_id bigint not null,
        refresh_token varchar(255) not null,
        primary key (id)
    ) engine=InnoDB
Hibernate: 
    create table users (
        id bigint not null auto_increment,
        email varchar(255) not null,
        nickname varchar(255),
        password varchar(255),
        primary key (id)
    ) engine=InnoDB
Hibernate: 
    alter table refresh_token 
       add constraint UKf95ixxe7pa48ryn1awmh2evt7 unique (user_id)
Hibernate: 
    alter table users 
       add constraint UK6dotkott2kjsp8vw4d0m25fb7 unique (email)
2024-11-20T15:15:01.027+09:00  INFO 6428 --- [    Test worker] j.LocalContainerEntityManagerFactoryBean : Initialized JPA EntityManagerFactory for persistence unit 'default'
2024-11-20T15:15:01.368+09:00  WARN 6428 --- [    Test worker] JpaBaseConfiguration$JpaWebConfiguration : spring.jpa.open-in-view is enabled by default. Therefore, database queries may be performed during view rendering. Explicitly configure spring.jpa.open-in-view to disable this warning
2024-11-20T15:15:01.442+09:00  WARN 6428 --- [    Test worker] r$InitializeUserDetailsManagerConfigurer : Found 3 UserDetailsService beans, with names [principalService, userDetailService, userService]. Global Authentication Manager will not use a UserDetailsService for username/password login. Consider publishing a single UserDetailsService bean.
2024-11-20T15:15:02.000+09:00  WARN 6428 --- [    Test worker] o.s.s.c.a.web.builders.WebSecurity       : You are asking Spring Security to ignore Ant [pattern='/img/**']. This is not recommended -- please use permitAll via HttpSecurity#authorizeHttpRequests instead.
2024-11-20T15:15:02.002+09:00  WARN 6428 --- [    Test worker] o.s.s.c.a.web.builders.WebSecurity       : You are asking Spring Security to ignore Ant [pattern='/css/**']. This is not recommended -- please use permitAll via HttpSecurity#authorizeHttpRequests instead.
2024-11-20T15:15:02.002+09:00  WARN 6428 --- [    Test worker] o.s.s.c.a.web.builders.WebSecurity       : You are asking Spring Security to ignore Ant [pattern='/js/**']. This is not recommended -- please use permitAll via HttpSecurity#authorizeHttpRequests instead.
2024-11-20T15:15:02.049+09:00  INFO 6428 --- [    Test worker] c.e.h.HobidayBackendApplicationTests     : Started HobidayBackendApplicationTests in 4.324 seconds (process running for 5.39)
]]></system-out>
  <system-err><![CDATA[]]></system-err>
</testsuite>
